c:\users\nathan\documents\github\virtuedev\ntrack\ntrack\debug\vc120.pdb
c:\users\nathan\documents\github\virtuedev\ntrack\ntrack\debug\vc120.idb
c:\users\nathan\documents\github\virtuedev\ntrack\ntrack\debug\globals.obj
c:\users\nathan\documents\github\virtuedev\ntrack\ntrack\debug\networkmanager.obj
c:\users\nathan\documents\github\virtuedev\ntrack\ntrack\debug\ntrack.obj
c:\users\nathan\documents\github\virtuedev\ntrack\ntrack\debug\resourcemanager.obj
c:\users\nathan\documents\github\virtuedev\ntrack\ntrack\debug\settingsmanager.obj
c:\users\nathan\documents\github\virtuedev\ntrack\ntrack\debug\source.obj
c:\users\nathan\documents\github\virtuedev\ntrack\ntrack\debug\player.obj
c:\users\nathan\documents\github\virtuedev\ntrack\ntrack\debug\resource.obj
c:\users\nathan\documents\github\virtuedev\ntrack\debug\ntrack.lib
c:\users\nathan\documents\github\virtuedev\ntrack\debug\ntrack.exp
c:\users\nathan\documents\github\virtuedev\ntrack\debug\ntrack.pdb
c:\users\nathan\documents\github\virtuedev\ntrack\ntrack\debug\ntrack.tlog\cl.command.1.tlog
c:\users\nathan\documents\github\virtuedev\ntrack\ntrack\debug\ntrack.tlog\cl.read.1.tlog
c:\users\nathan\documents\github\virtuedev\ntrack\ntrack\debug\ntrack.tlog\cl.write.1.tlog
c:\users\nathan\documents\github\virtuedev\ntrack\ntrack\debug\ntrack.tlog\link-cvtres.read.1.tlog
c:\users\nathan\documents\github\virtuedev\ntrack\ntrack\debug\ntrack.tlog\link-cvtres.write.1.tlog
c:\users\nathan\documents\github\virtuedev\ntrack\ntrack\debug\ntrack.tlog\link-rc.read.1.tlog
c:\users\nathan\documents\github\virtuedev\ntrack\ntrack\debug\ntrack.tlog\link-rc.write.1.tlog
c:\users\nathan\documents\github\virtuedev\ntrack\ntrack\debug\ntrack.tlog\link.command.1.tlog
c:\users\nathan\documents\github\virtuedev\ntrack\ntrack\debug\ntrack.tlog\link.read.1.tlog
c:\users\nathan\documents\github\virtuedev\ntrack\ntrack\debug\ntrack.tlog\link.write.1.tlog
c:\users\nathan\documents\github\virtuedev\ntrack\ntrack\debug\ntrack.tlog\ntrack.write.1u.tlog
