Build started 5/21/2017 6:28:48 PM.
     1>Project "C:\Users\Nathan\Documents\GitHub\VirtueDev\ntrack\ntrack\ntrack.vcxproj" on node 2 (Build target(s)).
     1>ClCompile:
         C:\Program Files (x86)\Microsoft Visual Studio 12.0\VC\bin\CL.exe /c /I"C:\rapidjson-master\include" /I"C:\Users\Nathan\Documents\GitHub\VirtueDev\ntrack\Libs\lua-5.3.3\src" /I"C:\Users\Nathan\Documents\GitHub\VirtueDev\ntrack\Libs\irrlicht-1.8.4\include" /ZI /nologo /W3 /WX- /sdl /Od /Oy- /D _MBCS /Gm /EHsc /RTC1 /MDd /GS /fp:precise /Zc:wchar_t /Zc:forScope /Fo"Debug\\" /Fd"Debug\vc120.pdb" /Gd /TP /analyze- /errorReport:prompt Resource.cpp ResourceManager.cpp
         ResourceManager.cpp
         Resource.cpp
         Generating Code...
       Link:
         C:\Program Files (x86)\Microsoft Visual Studio 12.0\VC\bin\link.exe /ERRORREPORT:PROMPT /OUT:"C:\Users\Nathan\Documents\GitHub\VirtueDev\ntrack\Debug\ntrack.exe" /INCREMENTAL /NOLOGO /LIBPATH:"C:\Users\Nathan\Documents\GitHub\VirtueDev\ntrack\Libs\lua-5.3.3\src" /LIBPATH:"C:\Users\Nathan\Documents\GitHub\VirtueDev\ntrack\Libs\irrlicht-1.8.4\lib\Win32-visualstudio" kernel32.lib user32.lib gdi32.lib winspool.lib comdlg32.lib advapi32.lib shell32.lib ole32.lib oleaut32.lib uuid.lib odbc32.lib odbccp32.lib /MANIFEST /MANIFESTUAC:"level='asInvoker' uiAccess='false'" /manifest:embed /DEBUG /PDB:"C:\Users\Nathan\Documents\GitHub\VirtueDev\ntrack\Debug\ntrack.pdb" /TLBID:1 /DYNAMICBASE /NXCOMPAT /IMPLIB:"C:\Users\Nathan\Documents\GitHub\VirtueDev\ntrack\Debug\ntrack.lib" /MACHINE:X86 Debug\globals.obj
         Debug\NetworkManager.obj
         Debug\ntrack.obj
         Debug\Player.obj
         Debug\Resource.obj
         Debug\ResourceManager.obj
         Debug\SettingsManager.obj
         Debug\Source.obj
            Creating library C:\Users\Nathan\Documents\GitHub\VirtueDev\ntrack\Debug\ntrack.lib and object C:\Users\Nathan\Documents\GitHub\VirtueDev\ntrack\Debug\ntrack.exp
     1>MSVCRTD.lib(cinitexe.obj) : warning LNK4098: defaultlib 'msvcrt.lib' conflicts with use of other libs; use /NODEFAULTLIB:library
         ntrack.vcxproj -> C:\Users\Nathan\Documents\GitHub\VirtueDev\ntrack\Debug\ntrack.exe
     1>Done Building Project "C:\Users\Nathan\Documents\GitHub\VirtueDev\ntrack\ntrack\ntrack.vcxproj" (Build target(s)).

Build succeeded.

Time Elapsed 00:00:11.10
